[2023-01-10 04:28:15] local.ERROR: file_put_contents(/Users/morikawakoudai/AtlasManagementSystem_morikawa/AtlasManagementSystem-master/storage/framework/views/2afbc38f1b188a7bc246e69b04c4cc4dfb5f0a28.php): Failed to open stream: No such file or directory {"exception":"[object] (ErrorException(code: 0): file_put_contents(/Users/morikawakoudai/AtlasManagementSystem_morikawa/AtlasManagementSystem-master/storage/framework/views/2afbc38f1b188a7bc246e69b04c4cc4dfb5f0a28.php): Failed to open stream: No such file or directory at /Users/morikawakoudai/AtlasManagementSystem_morikawa/vendor/laravel/framework/src/Illuminate/Filesystem/Filesystem.php:133)
[stacktrace]
#0 [internal function]: Illuminate\\Foundation\\Bootstrap\\HandleExceptions->handleError(2, 'file_put_conten...', '/Users/morikawa...', 133)
#1 /Users/morikawakoudai/AtlasManagementSystem_morikawa/vendor/laravel/framework/src/Illuminate/Filesystem/Filesystem.php(133): file_put_contents('/Users/morikawa...', '<?php $__env->s...', 0)
#2 /Users/morikawakoudai/AtlasManagementSystem_morikawa/vendor/laravel/framework/src/Illuminate/View/Compilers/BladeCompiler.php(129): Illuminate\\Filesystem\\Filesystem->put('/Users/morikawa...', '<?php $__env->s...')
#3 /Users/morikawakoudai/AtlasManagementSystem_morikawa/vendor/laravel/framework/src/Illuminate/View/Engines/CompilerEngine.php(51): Illuminate\\View\\Compilers\\BladeCompiler->compile('/Users/morikawa...')
#4 /Users/morikawakoudai/AtlasManagementSystem_morikawa/vendor/facade/ignition/src/Views/Engines/CompilerEngine.php(36): Illuminate\\View\\Engines\\CompilerEngine->get('/Users/morikawa...', Array)
#5 /Users/morikawakoudai/AtlasManagementSystem_morikawa/vendor/laravel/framework/src/Illuminate/View/View.php(143): Facade\\Ignition\\Views\\Engines\\CompilerEngine->get('/Users/morikawa...', Array)
#6 /Users/morikawakoudai/AtlasManagementSystem_morikawa/vendor/laravel/framework/src/Illuminate/View/View.php(126): Illuminate\\View\\View->getContents()
#7 /Users/morikawakoudai/AtlasManagementSystem_morikawa/vendor/laravel/framework/src/Illuminate/View/View.php(91): Illuminate\\View\\View->renderContents()
#8 /Users/morikawakoudai/AtlasManagementSystem_morikawa/vendor/laravel/framework/src/Illuminate/Http/Response.php(42): Illuminate\\View\\View->render()
#9 /Users/morikawakoudai/AtlasManagementSystem_morikawa/vendor/symfony/http-foundation/Response.php(205): Illuminate\\Http\\Response->setContent(Object(Illuminate\\View\\View))
#10 /Users/morikawakoudai/AtlasManagementSystem_morikawa/vendor/laravel/framework/src/Illuminate/Routing/ResponseFactory.php(55): Symfony\\Component\\HttpFoundation\\Response->__construct(Object(Illuminate\\View\\View), 404, Array)
#11 /Users/morikawakoudai/AtlasManagementSystem_morikawa/vendor/laravel/framework/src/Illuminate/Routing/ResponseFactory.php(85): Illuminate\\Routing\\ResponseFactory->make(Object(Illuminate\\View\\View), 404, Array)
#12 /Users/morikawakoudai/AtlasManagementSystem_morikawa/vendor/laravel/framework/src/Illuminate/Foundation/Exceptions/Handler.php(410): Illuminate\\Routing\\ResponseFactory->view('errors::404', Array, 404, Array)
#13 /Users/morikawakoudai/AtlasManagementSystem_morikawa/vendor/laravel/framework/src/Illuminate/Foundation/Exceptions/Handler.php(315): Illuminate\\Foundation\\Exceptions\\Handler->renderHttpException(Object(Symfony\\Component\\HttpKernel\\Exception\\NotFoundHttpException))
#14 /Users/morikawakoudai/AtlasManagementSystem_morikawa/vendor/laravel/framework/src/Illuminate/Foundation/Exceptions/Handler.php(212): Illuminate\\Foundation\\Exceptions\\Handler->prepareResponse(Object(Illuminate\\Http\\Request), Object(Symfony\\Component\\HttpKernel\\Exception\\NotFoundHttpException))
#15 /Users/morikawakoudai/AtlasManagementSystem_morikawa/app/Exceptions/Handler.php(53): Illuminate\\Foundation\\Exceptions\\Handler->render(Object(Illuminate\\Http\\Request), Object(Symfony\\Component\\HttpKernel\\Exception\\NotFoundHttpException))
#16 /Users/morikawakoudai/AtlasManagementSystem_morikawa/vendor/laravel/framework/src/Illuminate/Routing/Pipeline.php(51): App\\Exceptions\\Handler->render(Object(Illuminate\\Http\\Request), Object(Symfony\\Component\\HttpKernel\\Exception\\NotFoundHttpException))
#17 /Users/morikawakoudai/AtlasManagementSystem_morikawa/vendor/laravel/framework/src/Illuminate/Pipeline/Pipeline.php(132): Illuminate\\Routing\\Pipeline->handleException(Object(Illuminate\\Http\\Request), Object(Symfony\\Component\\HttpKernel\\Exception\\NotFoundHttpException))
#18 /Users/morikawakoudai/AtlasManagementSystem_morikawa/vendor/laravel/framework/src/Illuminate/Foundation/Http/Middleware/TransformsRequest.php(21): Illuminate\\Pipeline\\Pipeline->Illuminate\\Pipeline\\{closure}(Object(Illuminate\\Http\\Request))
#19 /Users/morikawakoudai/AtlasManagementSystem_morikawa/vendor/laravel/framework/src/Illuminate/Pipeline/Pipeline.php(171): Illuminate\\Foundation\\Http\\Middleware\\TransformsRequest->handle(Object(Illuminate\\Http\\Request), Object(Closure))
#20 /Users/morikawakoudai/AtlasManagementSystem_morikawa/vendor/laravel/framework/src/Illuminate/Foundation/Http/Middleware/TransformsRequest.php(21): Illuminate\\Pipeline\\Pipeline->Illuminate\\Pipeline\\{closure}(Object(Illuminate\\Http\\Request))
#21 /Users/morikawakoudai/AtlasManagementSystem_morikawa/vendor/laravel/framework/src/Illuminate/Pipeline/Pipeline.php(171): Illuminate\\Foundation\\Http\\Middleware\\TransformsRequest->handle(Object(Illuminate\\Http\\Request), Object(Closure))
#22 /Users/morikawakoudai/AtlasManagementSystem_morikawa/vendor/laravel/framework/src/Illuminate/Foundation/Http/Middleware/ValidatePostSize.php(27): Illuminate\\Pipeline\\Pipeline->Illuminate\\Pipeline\\{closure}(Object(Illuminate\\Http\\Request))
#23 /Users/morikawakoudai/AtlasManagementSystem_morikawa/vendor/laravel/framework/src/Illuminate/Pipeline/Pipeline.php(171): Illuminate\\Foundation\\Http\\Middleware\\ValidatePostSize->handle(Object(Illuminate\\Http\\Request), Object(Closure))
#24 /Users/morikawakoudai/AtlasManagementSystem_morikawa/vendor/laravel/framework/src/Illuminate/Foundation/Http/Middleware/CheckForMaintenanceMode.php(63): Illuminate\\Pipeline\\Pipeline->Illuminate\\Pipeline\\{closure}(Object(Illuminate\\Http\\Request))
#25 /Users/morikawakoudai/AtlasManagementSystem_morikawa/vendor/laravel/framework/src/Illuminate/Pipeline/Pipeline.php(171): Illuminate\\Foundation\\Http\\Middleware\\CheckForMaintenanceMode->handle(Object(Illuminate\\Http\\Request), Object(Closure))
#26 /Users/morikawakoudai/AtlasManagementSystem_morikawa/vendor/fideloper/proxy/src/TrustProxies.php(57): Illuminate\\Pipeline\\Pipeline->Illuminate\\Pipeline\\{closure}(Object(Illuminate\\Http\\Request))
#27 /Users/morikawakoudai/AtlasManagementSystem_morikawa/vendor/laravel/framework/src/Illuminate/Pipeline/Pipeline.php(171): Fideloper\\Proxy\\TrustProxies->handle(Object(Illuminate\\Http\\Request), Object(Closure))
#28 /Users/morikawakoudai/AtlasManagementSystem_morikawa/vendor/laravel/framework/src/Illuminate/Pipeline/Pipeline.php(105): Illuminate\\Pipeline\\Pipeline->Illuminate\\Pipeline\\{closure}(Object(Illuminate\\Http\\Request))
#29 /Users/morikawakoudai/AtlasManagementSystem_morikawa/vendor/laravel/framework/src/Illuminate/Foundation/Http/Kernel.php(145): Illuminate\\Pipeline\\Pipeline->then(Object(Closure))
#30 /Users/morikawakoudai/AtlasManagementSystem_morikawa/vendor/laravel/framework/src/Illuminate/Foundation/Http/Kernel.php(110): Illuminate\\Foundation\\Http\\Kernel->sendRequestThroughRouter(Object(Illuminate\\Http\\Request))
#31 /Users/morikawakoudai/AtlasManagementSystem_morikawa/public/index.php(55): Illuminate\\Foundation\\Http\\Kernel->handle(Object(Illuminate\\Http\\Request))
#32 /Users/morikawakoudai/AtlasManagementSystem_morikawa/server.php(21): require_once('/Users/morikawa...')
#33 {main}
"} 
[2023-01-10 04:28:18] local.ERROR: file_put_contents(/Users/morikawakoudai/AtlasManagementSystem_morikawa/AtlasManagementSystem-master/storage/framework/views/2afbc38f1b188a7bc246e69b04c4cc4dfb5f0a28.php): Failed to open stream: No such file or directory {"exception":"[object] (ErrorException(code: 0): file_put_contents(/Users/morikawakoudai/AtlasManagementSystem_morikawa/AtlasManagementSystem-master/storage/framework/views/2afbc38f1b188a7bc246e69b04c4cc4dfb5f0a28.php): Failed to open stream: No such file or directory at /Users/morikawakoudai/AtlasManagementSystem_morikawa/vendor/laravel/framework/src/Illuminate/Filesystem/Filesystem.php:133)
[stacktrace]
#0 [internal function]: Illuminate\\Foundation\\Bootstrap\\HandleExceptions->handleError(2, 'file_put_conten...', '/Users/morikawa...', 133)
#1 /Users/morikawakoudai/AtlasManagementSystem_morikawa/vendor/laravel/framework/src/Illuminate/Filesystem/Filesystem.php(133): file_put_contents('/Users/morikawa...', '<?php $__env->s...', 0)
#2 /Users/morikawakoudai/AtlasManagementSystem_morikawa/vendor/laravel/framework/src/Illuminate/View/Compilers/BladeCompiler.php(129): Illuminate\\Filesystem\\Filesystem->put('/Users/morikawa...', '<?php $__env->s...')
#3 /Users/morikawakoudai/AtlasManagementSystem_morikawa/vendor/laravel/framework/src/Illuminate/View/Engines/CompilerEngine.php(51): Illuminate\\View\\Compilers\\BladeCompiler->compile('/Users/morikawa...')
#4 /Users/morikawakoudai/AtlasManagementSystem_morikawa/vendor/facade/ignition/src/Views/Engines/CompilerEngine.php(36): Illuminate\\View\\Engines\\CompilerEngine->get('/Users/morikawa...', Array)
#5 /Users/morikawakoudai/AtlasManagementSystem_morikawa/vendor/laravel/framework/src/Illuminate/View/View.php(143): Facade\\Ignition\\Views\\Engines\\CompilerEngine->get('/Users/morikawa...', Array)
#6 /Users/morikawakoudai/AtlasManagementSystem_morikawa/vendor/laravel/framework/src/Illuminate/View/View.php(126): Illuminate\\View\\View->getContents()
#7 /Users/morikawakoudai/AtlasManagementSystem_morikawa/vendor/laravel/framework/src/Illuminate/View/View.php(91): Illuminate\\View\\View->renderContents()
#8 /Users/morikawakoudai/AtlasManagementSystem_morikawa/vendor/laravel/framework/src/Illuminate/Http/Response.php(42): Illuminate\\View\\View->render()
#9 /Users/morikawakoudai/AtlasManagementSystem_morikawa/vendor/symfony/http-foundation/Response.php(205): Illuminate\\Http\\Response->setContent(Object(Illuminate\\View\\View))
#10 /Users/morikawakoudai/AtlasManagementSystem_morikawa/vendor/laravel/framework/src/Illuminate/Routing/ResponseFactory.php(55): Symfony\\Component\\HttpFoundation\\Response->__construct(Object(Illuminate\\View\\View), 404, Array)
#11 /Users/morikawakoudai/AtlasManagementSystem_morikawa/vendor/laravel/framework/src/Illuminate/Routing/ResponseFactory.php(85): Illuminate\\Routing\\ResponseFactory->make(Object(Illuminate\\View\\View), 404, Array)
#12 /Users/morikawakoudai/AtlasManagementSystem_morikawa/vendor/laravel/framework/src/Illuminate/Foundation/Exceptions/Handler.php(410): Illuminate\\Routing\\ResponseFactory->view('errors::404', Array, 404, Array)
#13 /Users/morikawakoudai/AtlasManagementSystem_morikawa/vendor/laravel/framework/src/Illuminate/Foundation/Exceptions/Handler.php(315): Illuminate\\Foundation\\Exceptions\\Handler->renderHttpException(Object(Symfony\\Component\\HttpKernel\\Exception\\NotFoundHttpException))
#14 /Users/morikawakoudai/AtlasManagementSystem_morikawa/vendor/laravel/framework/src/Illuminate/Foundation/Exceptions/Handler.php(212): Illuminate\\Foundation\\Exceptions\\Handler->prepareResponse(Object(Illuminate\\Http\\Request), Object(Symfony\\Component\\HttpKernel\\Exception\\NotFoundHttpException))
#15 /Users/morikawakoudai/AtlasManagementSystem_morikawa/app/Exceptions/Handler.php(53): Illuminate\\Foundation\\Exceptions\\Handler->render(Object(Illuminate\\Http\\Request), Object(Symfony\\Component\\HttpKernel\\Exception\\NotFoundHttpException))
#16 /Users/morikawakoudai/AtlasManagementSystem_morikawa/vendor/laravel/framework/src/Illuminate/Routing/Pipeline.php(51): App\\Exceptions\\Handler->render(Object(Illuminate\\Http\\Request), Object(Symfony\\Component\\HttpKernel\\Exception\\NotFoundHttpException))
#17 /Users/morikawakoudai/AtlasManagementSystem_morikawa/vendor/laravel/framework/src/Illuminate/Pipeline/Pipeline.php(132): Illuminate\\Routing\\Pipeline->handleException(Object(Illuminate\\Http\\Request), Object(Symfony\\Component\\HttpKernel\\Exception\\NotFoundHttpException))
#18 /Users/morikawakoudai/AtlasManagementSystem_morikawa/vendor/laravel/framework/src/Illuminate/Foundation/Http/Middleware/TransformsRequest.php(21): Illuminate\\Pipeline\\Pipeline->Illuminate\\Pipeline\\{closure}(Object(Illuminate\\Http\\Request))
#19 /Users/morikawakoudai/AtlasManagementSystem_morikawa/vendor/laravel/framework/src/Illuminate/Pipeline/Pipeline.php(171): Illuminate\\Foundation\\Http\\Middleware\\TransformsRequest->handle(Object(Illuminate\\Http\\Request), Object(Closure))
#20 /Users/morikawakoudai/AtlasManagementSystem_morikawa/vendor/laravel/framework/src/Illuminate/Foundation/Http/Middleware/TransformsRequest.php(21): Illuminate\\Pipeline\\Pipeline->Illuminate\\Pipeline\\{closure}(Object(Illuminate\\Http\\Request))
#21 /Users/morikawakoudai/AtlasManagementSystem_morikawa/vendor/laravel/framework/src/Illuminate/Pipeline/Pipeline.php(171): Illuminate\\Foundation\\Http\\Middleware\\TransformsRequest->handle(Object(Illuminate\\Http\\Request), Object(Closure))
#22 /Users/morikawakoudai/AtlasManagementSystem_morikawa/vendor/laravel/framework/src/Illuminate/Foundation/Http/Middleware/ValidatePostSize.php(27): Illuminate\\Pipeline\\Pipeline->Illuminate\\Pipeline\\{closure}(Object(Illuminate\\Http\\Request))
#23 /Users/morikawakoudai/AtlasManagementSystem_morikawa/vendor/laravel/framework/src/Illuminate/Pipeline/Pipeline.php(171): Illuminate\\Foundation\\Http\\Middleware\\ValidatePostSize->handle(Object(Illuminate\\Http\\Request), Object(Closure))
#24 /Users/morikawakoudai/AtlasManagementSystem_morikawa/vendor/laravel/framework/src/Illuminate/Foundation/Http/Middleware/CheckForMaintenanceMode.php(63): Illuminate\\Pipeline\\Pipeline->Illuminate\\Pipeline\\{closure}(Object(Illuminate\\Http\\Request))
#25 /Users/morikawakoudai/AtlasManagementSystem_morikawa/vendor/laravel/framework/src/Illuminate/Pipeline/Pipeline.php(171): Illuminate\\Foundation\\Http\\Middleware\\CheckForMaintenanceMode->handle(Object(Illuminate\\Http\\Request), Object(Closure))
#26 /Users/morikawakoudai/AtlasManagementSystem_morikawa/vendor/fideloper/proxy/src/TrustProxies.php(57): Illuminate\\Pipeline\\Pipeline->Illuminate\\Pipeline\\{closure}(Object(Illuminate\\Http\\Request))
#27 /Users/morikawakoudai/AtlasManagementSystem_morikawa/vendor/laravel/framework/src/Illuminate/Pipeline/Pipeline.php(171): Fideloper\\Proxy\\TrustProxies->handle(Object(Illuminate\\Http\\Request), Object(Closure))
#28 /Users/morikawakoudai/AtlasManagementSystem_morikawa/vendor/laravel/framework/src/Illuminate/Pipeline/Pipeline.php(105): Illuminate\\Pipeline\\Pipeline->Illuminate\\Pipeline\\{closure}(Object(Illuminate\\Http\\Request))
#29 /Users/morikawakoudai/AtlasManagementSystem_morikawa/vendor/laravel/framework/src/Illuminate/Foundation/Http/Kernel.php(145): Illuminate\\Pipeline\\Pipeline->then(Object(Closure))
#30 /Users/morikawakoudai/AtlasManagementSystem_morikawa/vendor/laravel/framework/src/Illuminate/Foundation/Http/Kernel.php(110): Illuminate\\Foundation\\Http\\Kernel->sendRequestThroughRouter(Object(Illuminate\\Http\\Request))
#31 /Users/morikawakoudai/AtlasManagementSystem_morikawa/public/index.php(55): Illuminate\\Foundation\\Http\\Kernel->handle(Object(Illuminate\\Http\\Request))
#32 /Users/morikawakoudai/AtlasManagementSystem_morikawa/server.php(21): require_once('/Users/morikawa...')
#33 {main}
"} 
